<?xml version="1.0" encoding="UTF-8"?>
<testsuite xmlns:xsi="http://www.w3.org/2001/XMLSchema-instance" xsi:noNamespaceSchemaLocation="https://maven.apache.org/surefire/maven-surefire-plugin/xsd/surefire-test-report-3.0.xsd" version="3.0" name="io.github.wparanhosm.quarkussocial.rest.PostResourceTest" time="1.016" tests="7" errors="0" skipped="0" failures="0">
  <properties>
    <property name="sun.desktop" value="windows"/>
    <property name="awt.toolkit" value="sun.awt.windows.WToolkit"/>
    <property name="file.encoding.pkg" value="sun.io"/>
    <property name="jdk.extensions.version" value="17.0.5.0"/>
    <property name="java.specification.version" value="17"/>
    <property name="sun.jnu.encoding" value="Cp1252"/>
    <property name="test.url" value="http://localhost:8081"/>
    <property name="java.class.path" value="C:\Users\Walter\source\Java\quarkus\quarkus-social\target\test-classes;C:\Users\Walter\source\Java\quarkus\quarkus-social\target\classes;C:\Users\Walter\.m2\repository\io\quarkus\quarkus-resteasy\2.15.2.Final\quarkus-resteasy-2.15.2.Final.jar;C:\Users\Walter\.m2\repository\io\quarkus\quarkus-vertx-http\2.15.2.Final\quarkus-vertx-http-2.15.2.Final.jar;C:\Users\Walter\.m2\repository\io\quarkus\quarkus-security-runtime-spi\2.15.2.Final\quarkus-security-runtime-spi-2.15.2.Final.jar;C:\Users\Walter\.m2\repository\io\quarkus\quarkus-credentials\2.15.2.Final\quarkus-credentials-2.15.2.Final.jar;C:\Users\Walter\.m2\repository\io\quarkus\quarkus-mutiny\2.15.2.Final\quarkus-mutiny-2.15.2.Final.jar;C:\Users\Walter\.m2\repository\io\quarkus\quarkus-smallrye-context-propagation\2.15.2.Final\quarkus-smallrye-context-propagation-2.15.2.Final.jar;C:\Users\Walter\.m2\repository\io\smallrye\smallrye-context-propagation\1.2.2\smallrye-context-propagation-1.2.2.jar;C:\Users\Walter\.m2\repository\io\smallrye\smallrye-context-propagation-api\1.2.2\smallrye-context-propagation-api-1.2.2.jar;C:\Users\Walter\.m2\repository\io\smallrye\smallrye-context-propagation-storage\1.2.2\smallrye-context-propagation-storage-1.2.2.jar;C:\Users\Walter\.m2\repository\io\smallrye\reactive\mutiny-smallrye-context-propagation\1.8.0\mutiny-smallrye-context-propagation-1.8.0.jar;C:\Users\Walter\.m2\repository\io\smallrye\common\smallrye-common-vertx-context\1.13.2\smallrye-common-vertx-context-1.13.2.jar;C:\Users\Walter\.m2\repository\io\vertx\vertx-core\4.3.6\vertx-core-4.3.6.jar;C:\Users\Walter\.m2\repository\io\netty\netty-common\4.1.86.Final\netty-common-4.1.86.Final.jar;C:\Users\Walter\.m2\repository\io\netty\netty-buffer\4.1.86.Final\netty-buffer-4.1.86.Final.jar;C:\Users\Walter\.m2\repository\io\netty\netty-transport\4.1.86.Final\netty-transport-4.1.86.Final.jar;C:\Users\Walter\.m2\repository\io\netty\netty-handler\4.1.86.Final\netty-handler-4.1.86.Final.jar;C:\Users\Walter\.m2\repository\io\netty\netty-transport-native-unix-common\4.1.86.Final\netty-transport-native-unix-common-4.1.86.Final.jar;C:\Users\Walter\.m2\repository\io\netty\netty-handler-proxy\4.1.86.Final\netty-handler-proxy-4.1.86.Final.jar;C:\Users\Walter\.m2\repository\io\netty\netty-codec-socks\4.1.86.Final\netty-codec-socks-4.1.86.Final.jar;C:\Users\Walter\.m2\repository\io\netty\netty-codec-http\4.1.86.Final\netty-codec-http-4.1.86.Final.jar;C:\Users\Walter\.m2\repository\io\netty\netty-codec-http2\4.1.86.Final\netty-codec-http2-4.1.86.Final.jar;C:\Users\Walter\.m2\repository\io\netty\netty-resolver\4.1.86.Final\netty-resolver-4.1.86.Final.jar;C:\Users\Walter\.m2\repository\io\netty\netty-resolver-dns\4.1.86.Final\netty-resolver-dns-4.1.86.Final.jar;C:\Users\Walter\.m2\repository\io\netty\netty-codec-dns\4.1.86.Final\netty-codec-dns-4.1.86.Final.jar;C:\Users\Walter\.m2\repository\io\smallrye\common\smallrye-common-constraint\1.13.2\smallrye-common-constraint-1.13.2.jar;C:\Users\Walter\.m2\repository\io\quarkus\quarkus-vertx-http-dev-console-runtime-spi\2.15.2.Final\quarkus-vertx-http-dev-console-runtime-spi-2.15.2.Final.jar;C:\Users\Walter\.m2\repository\io\quarkus\security\quarkus-security\1.1.4.Final\quarkus-security-1.1.4.Final.jar;C:\Users\Walter\.m2\repository\io\quarkus\quarkus-vertx\2.15.2.Final\quarkus-vertx-2.15.2.Final.jar;C:\Users\Walter\.m2\repository\io\quarkus\quarkus-netty\2.15.2.Final\quarkus-netty-2.15.2.Final.jar;C:\Users\Walter\.m2\repository\io\netty\netty-codec\4.1.86.Final\netty-codec-4.1.86.Final.jar;C:\Users\Walter\.m2\repository\com\aayushatharva\brotli4j\brotli4j\1.8.0\brotli4j-1.8.0.jar;C:\Users\Walter\.m2\repository\com\aayushatharva\brotli4j\native-windows-x86_64\1.8.0\native-windows-x86_64-1.8.0.jar;C:\Users\Walter\.m2\repository\io\netty\netty-codec-haproxy\4.1.86.Final\netty-codec-haproxy-4.1.86.Final.jar;C:\Users\Walter\.m2\repository\io\smallrye\common\smallrye-common-annotation\1.13.2\smallrye-common-annotation-1.13.2.jar;C:\Users\Walter\.m2\repository\io\quarkus\quarkus-vertx-latebound-mdc-provider\2.15.2.Final\quarkus-vertx-latebound-mdc-provider-2.15.2.Final.jar;C:\Users\Walter\.m2\repository\io\smallrye\reactive\smallrye-mutiny-vertx-core\2.29.0\smallrye-mutiny-vertx-core-2.29.0.jar;C:\Users\Walter\.m2\repository\io\smallrye\reactive\smallrye-mutiny-vertx-runtime\2.29.0\smallrye-mutiny-vertx-runtime-2.29.0.jar;C:\Users\Walter\.m2\repository\io\smallrye\reactive\vertx-mutiny-generator\2.29.0\vertx-mutiny-generator-2.29.0.jar;C:\Users\Walter\.m2\repository\io\vertx\vertx-codegen\4.3.6\vertx-codegen-4.3.6.jar;C:\Users\Walter\.m2\repository\io\smallrye\smallrye-fault-tolerance-vertx\5.6.0\smallrye-fault-tolerance-vertx-5.6.0.jar;C:\Users\Walter\.m2\repository\io\smallrye\reactive\smallrye-mutiny-vertx-web\2.29.0\smallrye-mutiny-vertx-web-2.29.0.jar;C:\Users\Walter\.m2\repository\io\smallrye\reactive\smallrye-mutiny-vertx-web-common\2.29.0\smallrye-mutiny-vertx-web-common-2.29.0.jar;C:\Users\Walter\.m2\repository\io\smallrye\reactive\smallrye-mutiny-vertx-auth-common\2.29.0\smallrye-mutiny-vertx-auth-common-2.29.0.jar;C:\Users\Walter\.m2\repository\io\smallrye\reactive\smallrye-mutiny-vertx-bridge-common\2.29.0\smallrye-mutiny-vertx-bridge-common-2.29.0.jar;C:\Users\Walter\.m2\repository\io\smallrye\reactive\smallrye-mutiny-vertx-uri-template\2.29.0\smallrye-mutiny-vertx-uri-template-2.29.0.jar;C:\Users\Walter\.m2\repository\io\vertx\vertx-uri-template\4.3.6\vertx-uri-template-4.3.6.jar;C:\Users\Walter\.m2\repository\io\vertx\vertx-web\4.3.6\vertx-web-4.3.6.jar;C:\Users\Walter\.m2\repository\io\vertx\vertx-web-common\4.3.6\vertx-web-common-4.3.6.jar;C:\Users\Walter\.m2\repository\io\vertx\vertx-auth-common\4.3.6\vertx-auth-common-4.3.6.jar;C:\Users\Walter\.m2\repository\io\vertx\vertx-bridge-common\4.3.6\vertx-bridge-common-4.3.6.jar;C:\Users\Walter\.m2\repository\io\github\crac\org-crac\0.1.3\org-crac-0.1.3.jar;C:\Users\Walter\.m2\repository\io\quarkus\quarkus-resteasy-server-common\2.15.2.Final\quarkus-resteasy-server-common-2.15.2.Final.jar;C:\Users\Walter\.m2\repository\io\quarkus\quarkus-resteasy-common\2.15.2.Final\quarkus-resteasy-common-2.15.2.Final.jar;C:\Users\Walter\.m2\repository\org\jboss\resteasy\resteasy-core\4.7.7.Final\resteasy-core-4.7.7.Final.jar;C:\Users\Walter\.m2\repository\org\jboss\resteasy\resteasy-core-spi\4.7.7.Final\resteasy-core-spi-4.7.7.Final.jar;C:\Users\Walter\.m2\repository\com\ibm\async\asyncutil\0.1.0\asyncutil-0.1.0.jar;C:\Users\Walter\.m2\repository\jakarta\validation\jakarta.validation-api\2.0.2\jakarta.validation-api-2.0.2.jar;C:\Users\Walter\.m2\repository\io\quarkus\quarkus-arc\2.15.2.Final\quarkus-arc-2.15.2.Final.jar;C:\Users\Walter\.m2\repository\io\quarkus\arc\arc\2.15.2.Final\arc-2.15.2.Final.jar;C:\Users\Walter\.m2\repository\jakarta\enterprise\jakarta.enterprise.cdi-api\2.0.2\jakarta.enterprise.cdi-api-2.0.2.jar;C:\Users\Walter\.m2\repository\jakarta\el\jakarta.el-api\3.0.3\jakarta.el-api-3.0.3.jar;C:\Users\Walter\.m2\repository\jakarta\interceptor\jakarta.interceptor-api\1.2.5\jakarta.interceptor-api-1.2.5.jar;C:\Users\Walter\.m2\repository\jakarta\annotation\jakarta.annotation-api\1.3.5\jakarta.annotation-api-1.3.5.jar;C:\Users\Walter\.m2\repository\io\smallrye\reactive\mutiny\1.8.0\mutiny-1.8.0.jar;C:\Users\Walter\.m2\repository\org\reactivestreams\reactive-streams\1.0.3\reactive-streams-1.0.3.jar;C:\Users\Walter\.m2\repository\org\jboss\logging\jboss-logging\3.5.0.Final\jboss-logging-3.5.0.Final.jar;C:\Users\Walter\.m2\repository\io\quarkus\quarkus-core\2.15.2.Final\quarkus-core-2.15.2.Final.jar;C:\Users\Walter\.m2\repository\jakarta\inject\jakarta.inject-api\1.0\jakarta.inject-api-1.0.jar;C:\Users\Walter\.m2\repository\io\quarkus\quarkus-ide-launcher\2.15.2.Final\quarkus-ide-launcher-2.15.2.Final.jar;C:\Users\Walter\.m2\repository\io\quarkus\quarkus-development-mode-spi\2.15.2.Final\quarkus-development-mode-spi-2.15.2.Final.jar;C:\Users\Walter\.m2\repository\io\smallrye\config\smallrye-config\2.13.0\smallrye-config-2.13.0.jar;C:\Users\Walter\.m2\repository\io\smallrye\config\smallrye-config-core\2.13.0\smallrye-config-core-2.13.0.jar;C:\Users\Walter\.m2\repository\io\smallrye\common\smallrye-common-expression\1.13.2\smallrye-common-expression-1.13.2.jar;C:\Users\Walter\.m2\repository\io\smallrye\common\smallrye-common-function\1.13.2\smallrye-common-function-1.13.2.jar;C:\Users\Walter\.m2\repository\io\smallrye\common\smallrye-common-classloader\1.13.2\smallrye-common-classloader-1.13.2.jar;C:\Users\Walter\.m2\repository\io\smallrye\config\smallrye-config-common\2.13.0\smallrye-config-common-2.13.0.jar;C:\Users\Walter\.m2\repository\org\jboss\logmanager\jboss-logmanager-embedded\1.0.11\jboss-logmanager-embedded-1.0.11.jar;C:\Users\Walter\.m2\repository\org\jboss\logging\jboss-logging-annotations\2.2.1.Final\jboss-logging-annotations-2.2.1.Final.jar;C:\Users\Walter\.m2\repository\org\jboss\threads\jboss-threads\3.4.3.Final\jboss-threads-3.4.3.Final.jar;C:\Users\Walter\.m2\repository\org\slf4j\slf4j-api\1.7.36\slf4j-api-1.7.36.jar;C:\Users\Walter\.m2\repository\org\jboss\slf4j\slf4j-jboss-logmanager\1.2.0.Final\slf4j-jboss-logmanager-1.2.0.Final.jar;C:\Users\Walter\.m2\repository\org\graalvm\sdk\graal-sdk\22.3.0\graal-sdk-22.3.0.jar;C:\Users\Walter\.m2\repository\org\wildfly\common\wildfly-common\1.5.4.Final-format-001\wildfly-common-1.5.4.Final-format-001.jar;C:\Users\Walter\.m2\repository\io\quarkus\quarkus-bootstrap-runner\2.15.2.Final\quarkus-bootstrap-runner-2.15.2.Final.jar;C:\Users\Walter\.m2\repository\io\quarkus\quarkus-fs-util\0.0.9\quarkus-fs-util-0.0.9.jar;C:\Users\Walter\.m2\repository\org\eclipse\microprofile\context-propagation\microprofile-context-propagation-api\1.2\microprofile-context-propagation-api-1.2.jar;C:\Users\Walter\.m2\repository\io\quarkus\quarkus-hibernate-validator\2.15.2.Final\quarkus-hibernate-validator-2.15.2.Final.jar;C:\Users\Walter\.m2\repository\org\hibernate\validator\hibernate-validator\6.2.5.Final\hibernate-validator-6.2.5.Final.jar;C:\Users\Walter\.m2\repository\com\fasterxml\classmate\1.5.1\classmate-1.5.1.jar;C:\Users\Walter\.m2\repository\org\glassfish\jakarta.el\3.0.4\jakarta.el-3.0.4.jar;C:\Users\Walter\.m2\repository\io\smallrye\config\smallrye-config-validator\2.13.0\smallrye-config-validator-2.13.0.jar;C:\Users\Walter\.m2\repository\org\jboss\spec\javax\ws\rs\jboss-jaxrs-api_2.1_spec\2.0.1.Final\jboss-jaxrs-api_2.1_spec-2.0.1.Final.jar;C:\Users\Walter\.m2\repository\io\quarkus\quarkus-hibernate-orm-panache\2.15.2.Final\quarkus-hibernate-orm-panache-2.15.2.Final.jar;C:\Users\Walter\.m2\repository\io\quarkus\quarkus-hibernate-orm-panache-common\2.15.2.Final\quarkus-hibernate-orm-panache-common-2.15.2.Final.jar;C:\Users\Walter\.m2\repository\io\quarkus\quarkus-panache-hibernate-common\2.15.2.Final\quarkus-panache-hibernate-common-2.15.2.Final.jar;C:\Users\Walter\.m2\repository\io\quarkus\quarkus-panache-common\2.15.2.Final\quarkus-panache-common-2.15.2.Final.jar;C:\Users\Walter\.m2\repository\io\quarkus\quarkus-hibernate-orm\2.15.2.Final\quarkus-hibernate-orm-2.15.2.Final.jar;C:\Users\Walter\.m2\repository\io\quarkus\quarkus-agroal\2.15.2.Final\quarkus-agroal-2.15.2.Final.jar;C:\Users\Walter\.m2\repository\io\quarkus\quarkus-datasource\2.15.2.Final\quarkus-datasource-2.15.2.Final.jar;C:\Users\Walter\.m2\repository\io\quarkus\quarkus-datasource-common\2.15.2.Final\quarkus-datasource-common-2.15.2.Final.jar;C:\Users\Walter\.m2\repository\io\agroal\agroal-api\1.16\agroal-api-1.16.jar;C:\Users\Walter\.m2\repository\io\agroal\agroal-narayana\1.16\agroal-narayana-1.16.jar;C:\Users\Walter\.m2\repository\org\jboss\jboss-transaction-spi\7.6.0.Final\jboss-transaction-spi-7.6.0.Final.jar;C:\Users\Walter\.m2\repository\io\agroal\agroal-pool\1.16\agroal-pool-1.16.jar;C:\Users\Walter\.m2\repository\io\quarkus\quarkus-narayana-jta\2.15.2.Final\quarkus-narayana-jta-2.15.2.Final.jar;C:\Users\Walter\.m2\repository\io\quarkus\quarkus-transaction-annotations\2.15.2.Final\quarkus-transaction-annotations-2.15.2.Final.jar;C:\Users\Walter\.m2\repository\io\smallrye\smallrye-context-propagation-jta\1.2.2\smallrye-context-propagation-jta-1.2.2.jar;C:\Users\Walter\.m2\repository\io\smallrye\reactive\smallrye-reactive-converter-api\2.7.0\smallrye-reactive-converter-api-2.7.0.jar;C:\Users\Walter\.m2\repository\io\smallrye\reactive\smallrye-reactive-converter-mutiny\2.7.0\smallrye-reactive-converter-mutiny-2.7.0.jar;C:\Users\Walter\.m2\repository\org\jboss\narayana\jta\narayana-jta\5.13.1.Final\narayana-jta-5.13.1.Final.jar;C:\Users\Walter\.m2\repository\org\jboss\spec\javax\resource\jboss-connector-api_1.7_spec\1.0.0.Final\jboss-connector-api_1.7_spec-1.0.0.Final.jar;C:\Users\Walter\.m2\repository\org\jboss\narayana\jts\narayana-jts-integration\5.13.1.Final\narayana-jts-integration-5.13.1.Final.jar;C:\Users\Walter\.m2\repository\org\hibernate\hibernate-core\5.6.14.Final\hibernate-core-5.6.14.Final.jar;C:\Users\Walter\.m2\repository\net\bytebuddy\byte-buddy\1.12.18\byte-buddy-1.12.18.jar;C:\Users\Walter\.m2\repository\antlr\antlr\2.7.7\antlr-2.7.7.jar;C:\Users\Walter\.m2\repository\org\hibernate\common\hibernate-commons-annotations\5.1.2.Final\hibernate-commons-annotations-5.1.2.Final.jar;C:\Users\Walter\.m2\repository\org\hibernate\hibernate-graalvm\5.6.14.Final\hibernate-graalvm-5.6.14.Final.jar;C:\Users\Walter\.m2\repository\org\glassfish\jaxb\jaxb-runtime\2.3.3-b02\jaxb-runtime-2.3.3-b02.jar;C:\Users\Walter\.m2\repository\org\glassfish\jaxb\txw2\2.3.3-b02\txw2-2.3.3-b02.jar;C:\Users\Walter\.m2\repository\com\sun\istack\istack-commons-runtime\3.0.10\istack-commons-runtime-3.0.10.jar;C:\Users\Walter\.m2\repository\com\sun\activation\jakarta.activation\1.2.1\jakarta.activation-1.2.1.jar;C:\Users\Walter\.m2\repository\org\jboss\spec\javax\xml\bind\jboss-jaxb-api_2.3_spec\2.0.0.Final\jboss-jaxb-api_2.3_spec-2.0.0.Final.jar;C:\Users\Walter\.m2\repository\jakarta\persistence\jakarta.persistence-api\2.2.3\jakarta.persistence-api-2.2.3.jar;C:\Users\Walter\.m2\repository\jakarta\transaction\jakarta.transaction-api\1.3.3\jakarta.transaction-api-1.3.3.jar;C:\Users\Walter\.m2\repository\org\hibernate\quarkus-local-cache\0.1.1\quarkus-local-cache-0.1.1.jar;C:\Users\Walter\.m2\repository\io\quarkus\quarkus-caffeine\2.15.2.Final\quarkus-caffeine-2.15.2.Final.jar;C:\Users\Walter\.m2\repository\com\github\ben-manes\caffeine\caffeine\3.1.1\caffeine-3.1.1.jar;C:\Users\Walter\.m2\repository\com\google\errorprone\error_prone_annotations\2.16\error_prone_annotations-2.16.jar;C:\Users\Walter\.m2\repository\io\quarkus\quarkus-jdbc-h2\2.15.2.Final\quarkus-jdbc-h2-2.15.2.Final.jar;C:\Users\Walter\.m2\repository\com\h2database\h2\2.1.214\h2-2.1.214.jar;C:\Users\Walter\.m2\repository\org\locationtech\jts\jts-core\1.17.0\jts-core-1.17.0.jar;C:\Users\Walter\.m2\repository\io\quarkus\quarkus-resteasy-jsonb\2.15.2.Final\quarkus-resteasy-jsonb-2.15.2.Final.jar;C:\Users\Walter\.m2\repository\io\quarkus\quarkus-jsonb\2.15.2.Final\quarkus-jsonb-2.15.2.Final.jar;C:\Users\Walter\.m2\repository\org\eclipse\yasson\1.0.11\yasson-1.0.11.jar;C:\Users\Walter\.m2\repository\io\quarkus\quarkus-jsonp\2.15.2.Final\quarkus-jsonp-2.15.2.Final.jar;C:\Users\Walter\.m2\repository\org\glassfish\jakarta.json\1.1.6\jakarta.json-1.1.6.jar;C:\Users\Walter\.m2\repository\org\jboss\resteasy\resteasy-json-binding-provider\4.7.7.Final\resteasy-json-binding-provider-4.7.7.Final.jar;C:\Users\Walter\.m2\repository\jakarta\json\bind\jakarta.json.bind-api\1.0.2\jakarta.json.bind-api-1.0.2.jar;C:\Users\Walter\.m2\repository\org\jboss\resteasy\resteasy-json-p-provider\4.7.7.Final\resteasy-json-p-provider-4.7.7.Final.jar;C:\Users\Walter\.m2\repository\commons-io\commons-io\2.11.0\commons-io-2.11.0.jar;C:\Users\Walter\.m2\repository\io\quarkus\quarkus-rest-client-reactive-jackson\2.15.2.Final\quarkus-rest-client-reactive-jackson-2.15.2.Final.jar;C:\Users\Walter\.m2\repository\io\quarkus\resteasy\reactive\resteasy-reactive-jackson\2.15.2.Final\resteasy-reactive-jackson-2.15.2.Final.jar;C:\Users\Walter\.m2\repository\io\quarkus\resteasy\reactive\resteasy-reactive\2.15.2.Final\resteasy-reactive-2.15.2.Final.jar;C:\Users\Walter\.m2\repository\io\quarkus\resteasy\reactive\resteasy-reactive-common\2.15.2.Final\resteasy-reactive-common-2.15.2.Final.jar;C:\Users\Walter\.m2\repository\io\quarkus\resteasy\reactive\resteasy-reactive-common-types\2.15.2.Final\resteasy-reactive-common-types-2.15.2.Final.jar;C:\Users\Walter\.m2\repository\com\fasterxml\jackson\core\jackson-databind\2.14.1\jackson-databind-2.14.1.jar;C:\Users\Walter\.m2\repository\com\fasterxml\jackson\core\jackson-annotations\2.14.1\jackson-annotations-2.14.1.jar;C:\Users\Walter\.m2\repository\org\jboss\logging\commons-logging-jboss-logging\1.0.0.Final\commons-logging-jboss-logging-1.0.0.Final.jar;C:\Users\Walter\.m2\repository\io\quarkus\quarkus-resteasy-reactive-jackson-common\2.15.2.Final\quarkus-resteasy-reactive-jackson-common-2.15.2.Final.jar;C:\Users\Walter\.m2\repository\io\quarkus\quarkus-resteasy-reactive-common\2.15.2.Final\quarkus-resteasy-reactive-common-2.15.2.Final.jar;C:\Users\Walter\.m2\repository\io\quarkus\quarkus-jackson\2.15.2.Final\quarkus-jackson-2.15.2.Final.jar;C:\Users\Walter\.m2\repository\com\fasterxml\jackson\datatype\jackson-datatype-jsr310\2.14.1\jackson-datatype-jsr310-2.14.1.jar;C:\Users\Walter\.m2\repository\com\fasterxml\jackson\datatype\jackson-datatype-jdk8\2.14.1\jackson-datatype-jdk8-2.14.1.jar;C:\Users\Walter\.m2\repository\com\fasterxml\jackson\module\jackson-module-parameter-names\2.14.1\jackson-module-parameter-names-2.14.1.jar;C:\Users\Walter\.m2\repository\io\quarkus\quarkus-rest-client-reactive\2.15.2.Final\quarkus-rest-client-reactive-2.15.2.Final.jar;C:\Users\Walter\.m2\repository\io\quarkus\quarkus-jaxrs-client-reactive\2.15.2.Final\quarkus-jaxrs-client-reactive-2.15.2.Final.jar;C:\Users\Walter\.m2\repository\io\quarkus\resteasy\reactive\resteasy-reactive-client\2.15.2.Final\resteasy-reactive-client-2.15.2.Final.jar;C:\Users\Walter\.m2\repository\io\vertx\vertx-web-client\4.3.6\vertx-web-client-4.3.6.jar;C:\Users\Walter\.m2\repository\io\quarkus\quarkus-smallrye-stork\2.15.2.Final\quarkus-smallrye-stork-2.15.2.Final.jar;C:\Users\Walter\.m2\repository\io\quarkus\quarkus-rest-client-config\2.15.2.Final\quarkus-rest-client-config-2.15.2.Final.jar;C:\Users\Walter\.m2\repository\io\smallrye\stork\stork-api\1.3.3\stork-api-1.3.3.jar;C:\Users\Walter\.m2\repository\io\smallrye\stork\stork-core\1.3.3\stork-core-1.3.3.jar;C:\Users\Walter\.m2\repository\org\eclipse\microprofile\rest\client\microprofile-rest-client-api\2.0\microprofile-rest-client-api-2.0.jar;C:\Users\Walter\.m2\repository\io\quarkus\quarkus-jdbc-mysql\2.15.2.Final\quarkus-jdbc-mysql-2.15.2.Final.jar;C:\Users\Walter\.m2\repository\mysql\mysql-connector-java\8.0.30\mysql-connector-java-8.0.30.jar;C:\Users\Walter\.m2\repository\io\quarkus\quarkus-smallrye-openapi\2.15.2.Final\quarkus-smallrye-openapi-2.15.2.Final.jar;C:\Users\Walter\.m2\repository\io\smallrye\smallrye-open-api-core\2.3.1\smallrye-open-api-core-2.3.1.jar;C:\Users\Walter\.m2\repository\org\eclipse\microprofile\openapi\microprofile-openapi-api\2.0.1\microprofile-openapi-api-2.0.1.jar;C:\Users\Walter\.m2\repository\org\eclipse\microprofile\config\microprofile-config-api\2.0.1\microprofile-config-api-2.0.1.jar;C:\Users\Walter\.m2\repository\com\fasterxml\jackson\core\jackson-core\2.14.1\jackson-core-2.14.1.jar;C:\Users\Walter\.m2\repository\com\fasterxml\jackson\dataformat\jackson-dataformat-yaml\2.14.1\jackson-dataformat-yaml-2.14.1.jar;C:\Users\Walter\.m2\repository\org\yaml\snakeyaml\1.33\snakeyaml-1.33.jar;C:\Users\Walter\.m2\repository\io\smallrye\jandex\3.0.5\jandex-3.0.5.jar;C:\Users\Walter\.m2\repository\io\quarkus\quarkus-swagger-ui\2.15.2.Final\quarkus-swagger-ui-2.15.2.Final.jar;C:\Users\Walter\.m2\repository\io\quarkus\quarkus-junit5\2.15.2.Final\quarkus-junit5-2.15.2.Final.jar;C:\Users\Walter\.m2\repository\io\quarkus\quarkus-bootstrap-core\2.15.2.Final\quarkus-bootstrap-core-2.15.2.Final.jar;C:\Users\Walter\.m2\repository\io\quarkus\quarkus-bootstrap-app-model\2.15.2.Final\quarkus-bootstrap-app-model-2.15.2.Final.jar;C:\Users\Walter\.m2\repository\io\smallrye\common\smallrye-common-io\1.13.2\smallrye-common-io-1.13.2.jar;C:\Users\Walter\.m2\repository\org\eclipse\sisu\org.eclipse.sisu.inject\0.3.5\org.eclipse.sisu.inject-0.3.5.jar;C:\Users\Walter\.m2\repository\io\quarkus\quarkus-test-common\2.15.2.Final\quarkus-test-common-2.15.2.Final.jar;C:\Users\Walter\.m2\repository\io\quarkus\quarkus-core-deployment\2.15.2.Final\quarkus-core-deployment-2.15.2.Final.jar;C:\Users\Walter\.m2\repository\org\aesh\readline\2.2\readline-2.2.jar;C:\Users\Walter\.m2\repository\org\fusesource\jansi\jansi\1.18\jansi-1.18.jar;C:\Users\Walter\.m2\repository\org\aesh\aesh\2.6\aesh-2.6.jar;C:\Users\Walter\.m2\repository\io\quarkus\gizmo\gizmo\1.4.0.Final\gizmo-1.4.0.Final.jar;C:\Users\Walter\.m2\repository\org\ow2\asm\asm-util\9.4\asm-util-9.4.jar;C:\Users\Walter\.m2\repository\org\ow2\asm\asm-analysis\9.4\asm-analysis-9.4.jar;C:\Users\Walter\.m2\repository\org\ow2\asm\asm\9.4\asm-9.4.jar;C:\Users\Walter\.m2\repository\org\ow2\asm\asm-commons\9.4\asm-commons-9.4.jar;C:\Users\Walter\.m2\repository\org\ow2\asm\asm-tree\9.4\asm-tree-9.4.jar;C:\Users\Walter\.m2\repository\io\quarkus\quarkus-class-change-agent\2.15.2.Final\quarkus-class-change-agent-2.15.2.Final.jar;C:\Users\Walter\.m2\repository\io\quarkus\quarkus-devtools-utilities\2.15.2.Final\quarkus-devtools-utilities-2.15.2.Final.jar;C:\Users\Walter\.m2\repository\io\quarkus\quarkus-builder\2.15.2.Final\quarkus-builder-2.15.2.Final.jar;C:\Users\Walter\.m2\repository\org\junit\platform\junit-platform-launcher\1.9.1\junit-platform-launcher-1.9.1.jar;C:\Users\Walter\.m2\repository\io\quarkus\quarkus-bootstrap-maven-resolver\2.15.2.Final\quarkus-bootstrap-maven-resolver-2.15.2.Final.jar;C:\Users\Walter\.m2\repository\org\apache\maven\maven-embedder\3.8.6\maven-embedder-3.8.6.jar;C:\Users\Walter\.m2\repository\org\apache\maven\maven-settings\3.8.6\maven-settings-3.8.6.jar;C:\Users\Walter\.m2\repository\org\apache\maven\maven-core\3.8.6\maven-core-3.8.6.jar;C:\Users\Walter\.m2\repository\org\apache\maven\maven-artifact\3.8.6\maven-artifact-3.8.6.jar;C:\Users\Walter\.m2\repository\org\codehaus\plexus\plexus-component-annotations\2.1.0\plexus-component-annotations-2.1.0.jar;C:\Users\Walter\.m2\repository\org\apache\maven\maven-plugin-api\3.8.6\maven-plugin-api-3.8.6.jar;C:\Users\Walter\.m2\repository\org\apache\maven\maven-model\3.8.6\maven-model-3.8.6.jar;C:\Users\Walter\.m2\repository\org\apache\maven\maven-model-builder\3.8.6\maven-model-builder-3.8.6.jar;C:\Users\Walter\.m2\repository\org\apache\maven\maven-builder-support\3.8.6\maven-builder-support-3.8.6.jar;C:\Users\Walter\.m2\repository\org\apache\maven\resolver\maven-resolver-api\1.6.3\maven-resolver-api-1.6.3.jar;C:\Users\Walter\.m2\repository\org\apache\maven\resolver\maven-resolver-util\1.6.3\maven-resolver-util-1.6.3.jar;C:\Users\Walter\.m2\repository\org\apache\maven\shared\maven-shared-utils\3.3.4\maven-shared-utils-3.3.4.jar;C:\Users\Walter\.m2\repository\com\google\inject\guice\4.2.2\guice-4.2.2-no_aop.jar;C:\Users\Walter\.m2\repository\com\google\guava\guava\31.1-jre\guava-31.1-jre.jar;C:\Users\Walter\.m2\repository\com\google\guava\failureaccess\1.0.1\failureaccess-1.0.1.jar;C:\Users\Walter\.m2\repository\org\codehaus\plexus\plexus-classworlds\2.6.0\plexus-classworlds-2.6.0.jar;C:\Users\Walter\.m2\repository\org\codehaus\plexus\plexus-sec-dispatcher\2.0\plexus-sec-dispatcher-2.0.jar;C:\Users\Walter\.m2\repository\org\codehaus\plexus\plexus-cipher\2.0\plexus-cipher-2.0.jar;C:\Users\Walter\.m2\repository\commons-cli\commons-cli\1.4\commons-cli-1.4.jar;C:\Users\Walter\.m2\repository\org\eclipse\sisu\org.eclipse.sisu.plexus\0.3.5\org.eclipse.sisu.plexus-0.3.5.jar;C:\Users\Walter\.m2\repository\org\apache\maven\maven-settings-builder\3.8.6\maven-settings-builder-3.8.6.jar;C:\Users\Walter\.m2\repository\org\codehaus\plexus\plexus-interpolation\1.26\plexus-interpolation-1.26.jar;C:\Users\Walter\.m2\repository\org\apache\maven\maven-resolver-provider\3.8.6\maven-resolver-provider-3.8.6.jar;C:\Users\Walter\.m2\repository\org\apache\maven\maven-repository-metadata\3.8.6\maven-repository-metadata-3.8.6.jar;C:\Users\Walter\.m2\repository\org\apache\maven\resolver\maven-resolver-spi\1.6.3\maven-resolver-spi-1.6.3.jar;C:\Users\Walter\.m2\repository\org\apache\maven\resolver\maven-resolver-impl\1.6.3\maven-resolver-impl-1.6.3.jar;C:\Users\Walter\.m2\repository\org\codehaus\plexus\plexus-utils\3.3.0\plexus-utils-3.3.0.jar;C:\Users\Walter\.m2\repository\org\apache\maven\resolver\maven-resolver-connector-basic\1.6.3\maven-resolver-connector-basic-1.6.3.jar;C:\Users\Walter\.m2\repository\org\apache\maven\resolver\maven-resolver-transport-wagon\1.6.3\maven-resolver-transport-wagon-1.6.3.jar;C:\Users\Walter\.m2\repository\org\apache\maven\wagon\wagon-http\3.5.1\wagon-http-3.5.1.jar;C:\Users\Walter\.m2\repository\org\apache\maven\wagon\wagon-http-shared\3.5.1\wagon-http-shared-3.5.1.jar;C:\Users\Walter\.m2\repository\org\apache\maven\wagon\wagon-provider-api\3.5.1\wagon-provider-api-3.5.1.jar;C:\Users\Walter\.m2\repository\org\apache\maven\wagon\wagon-file\3.5.1\wagon-file-3.5.1.jar;C:\Users\Walter\.m2\repository\io\quarkus\quarkus-bootstrap-gradle-resolver\2.15.2.Final\quarkus-bootstrap-gradle-resolver-2.15.2.Final.jar;C:\Users\Walter\.m2\repository\io\quarkus\quarkus-junit5-properties\2.15.2.Final\quarkus-junit5-properties-2.15.2.Final.jar;C:\Users\Walter\.m2\repository\org\junit\jupiter\junit-jupiter\5.9.1\junit-jupiter-5.9.1.jar;C:\Users\Walter\.m2\repository\org\junit\jupiter\junit-jupiter-api\5.9.1\junit-jupiter-api-5.9.1.jar;C:\Users\Walter\.m2\repository\org\opentest4j\opentest4j\1.2.0\opentest4j-1.2.0.jar;C:\Users\Walter\.m2\repository\org\junit\platform\junit-platform-commons\1.9.1\junit-platform-commons-1.9.1.jar;C:\Users\Walter\.m2\repository\org\apiguardian\apiguardian-api\1.1.2\apiguardian-api-1.1.2.jar;C:\Users\Walter\.m2\repository\org\junit\jupiter\junit-jupiter-params\5.9.1\junit-jupiter-params-5.9.1.jar;C:\Users\Walter\.m2\repository\org\junit\jupiter\junit-jupiter-engine\5.9.1\junit-jupiter-engine-5.9.1.jar;C:\Users\Walter\.m2\repository\org\junit\platform\junit-platform-engine\1.9.1\junit-platform-engine-1.9.1.jar;C:\Users\Walter\.m2\repository\com\thoughtworks\xstream\xstream\1.4.19\xstream-1.4.19.jar;C:\Users\Walter\.m2\repository\io\github\x-stream\mxparser\1.2.2\mxparser-1.2.2.jar;C:\Users\Walter\.m2\repository\xmlpull\xmlpull\1.1.3.1\xmlpull-1.1.3.1.jar;C:\Users\Walter\.m2\repository\io\rest-assured\rest-assured\4.5.1\rest-assured-4.5.1.jar;C:\Users\Walter\.m2\repository\org\codehaus\groovy\groovy\3.0.9\groovy-3.0.9.jar;C:\Users\Walter\.m2\repository\org\codehaus\groovy\groovy-xml\3.0.9\groovy-xml-3.0.9.jar;C:\Users\Walter\.m2\repository\org\apache\httpcomponents\httpclient\4.5.13\httpclient-4.5.13.jar;C:\Users\Walter\.m2\repository\org\apache\httpcomponents\httpcore\4.4.15\httpcore-4.4.15.jar;C:\Users\Walter\.m2\repository\commons-codec\commons-codec\1.15\commons-codec-1.15.jar;C:\Users\Walter\.m2\repository\org\apache\httpcomponents\httpmime\4.5.13\httpmime-4.5.13.jar;C:\Users\Walter\.m2\repository\org\hamcrest\hamcrest\2.1\hamcrest-2.1.jar;C:\Users\Walter\.m2\repository\org\ccil\cowan\tagsoup\tagsoup\1.2.1\tagsoup-1.2.1.jar;C:\Users\Walter\.m2\repository\io\rest-assured\json-path\4.5.1\json-path-4.5.1.jar;C:\Users\Walter\.m2\repository\org\codehaus\groovy\groovy-json\3.0.9\groovy-json-3.0.9.jar;C:\Users\Walter\.m2\repository\io\rest-assured\rest-assured-common\4.5.1\rest-assured-common-4.5.1.jar;C:\Users\Walter\.m2\repository\io\rest-assured\xml-path\4.5.1\xml-path-4.5.1.jar;C:\Users\Walter\.m2\repository\org\apache\commons\commons-lang3\3.12.0\commons-lang3-3.12.0.jar;C:\Users\Walter\.m2\repository\org\projectlombok\lombok\1.18.22\lombok-1.18.22.jar;"/>
    <property name="java.vm.vendor" value="Eclipse OpenJ9"/>
    <property name="sun.arch.data.model" value="64"/>
    <property name="com.ibm.vm.bitmode" value="64"/>
    <property name="user.variant" value=""/>
    <property name="com.ibm.oti.vm.library.version" value="29"/>
    <property name="java.vendor.url" value="https://www.ibm.com/semeru-runtimes"/>
    <property name="user.timezone" value="America/Sao_Paulo"/>
    <property name="logging.initial-configurator.min-level" value="500"/>
    <property name="os.name" value="Windows 11"/>
    <property name="java.vm.specification.version" value="17"/>
    <property name="user.country" value="BR"/>
    <property name="sun.java.launcher" value="SUN_STANDARD"/>
    <property name="mp.openapi.extensions.smallrye.defaultProduces" value="application/json"/>
    <property name="sun.boot.library.path" value="C:\Users\Walter\Java\semeru-17.0.5\bin\default;C:\Users\Walter\Java\semeru-17.0.5\bin"/>
    <property name="sun.java.command" value="C:\Users\Walter\AppData\Local\Temp\surefire8191424163790782907\surefirebooter-20230110150629860_3.jar C:\Users\Walter\AppData\Local\Temp\surefire8191424163790782907 2023-01-10T15-06-28_462-jvmRun1 surefire-20230110150629860_1tmp surefire_0-20230110150629860_2tmp"/>
    <property name="maven.home" value="C:\Users\Walter\.m2\wrapper\dists\apache-maven-3.8.1-bin\2l5mhf2pq2clrde7f7qp1rdt5m\apache-maven-3.8.1"/>
    <property name="surefire.test.class.path" value="C:\Users\Walter\source\Java\quarkus\quarkus-social\target\test-classes;C:\Users\Walter\source\Java\quarkus\quarkus-social\target\classes;C:\Users\Walter\.m2\repository\io\quarkus\quarkus-resteasy\2.15.2.Final\quarkus-resteasy-2.15.2.Final.jar;C:\Users\Walter\.m2\repository\io\quarkus\quarkus-vertx-http\2.15.2.Final\quarkus-vertx-http-2.15.2.Final.jar;C:\Users\Walter\.m2\repository\io\quarkus\quarkus-security-runtime-spi\2.15.2.Final\quarkus-security-runtime-spi-2.15.2.Final.jar;C:\Users\Walter\.m2\repository\io\quarkus\quarkus-credentials\2.15.2.Final\quarkus-credentials-2.15.2.Final.jar;C:\Users\Walter\.m2\repository\io\quarkus\quarkus-mutiny\2.15.2.Final\quarkus-mutiny-2.15.2.Final.jar;C:\Users\Walter\.m2\repository\io\quarkus\quarkus-smallrye-context-propagation\2.15.2.Final\quarkus-smallrye-context-propagation-2.15.2.Final.jar;C:\Users\Walter\.m2\repository\io\smallrye\smallrye-context-propagation\1.2.2\smallrye-context-propagation-1.2.2.jar;C:\Users\Walter\.m2\repository\io\smallrye\smallrye-context-propagation-api\1.2.2\smallrye-context-propagation-api-1.2.2.jar;C:\Users\Walter\.m2\repository\io\smallrye\smallrye-context-propagation-storage\1.2.2\smallrye-context-propagation-storage-1.2.2.jar;C:\Users\Walter\.m2\repository\io\smallrye\reactive\mutiny-smallrye-context-propagation\1.8.0\mutiny-smallrye-context-propagation-1.8.0.jar;C:\Users\Walter\.m2\repository\io\smallrye\common\smallrye-common-vertx-context\1.13.2\smallrye-common-vertx-context-1.13.2.jar;C:\Users\Walter\.m2\repository\io\vertx\vertx-core\4.3.6\vertx-core-4.3.6.jar;C:\Users\Walter\.m2\repository\io\netty\netty-common\4.1.86.Final\netty-common-4.1.86.Final.jar;C:\Users\Walter\.m2\repository\io\netty\netty-buffer\4.1.86.Final\netty-buffer-4.1.86.Final.jar;C:\Users\Walter\.m2\repository\io\netty\netty-transport\4.1.86.Final\netty-transport-4.1.86.Final.jar;C:\Users\Walter\.m2\repository\io\netty\netty-handler\4.1.86.Final\netty-handler-4.1.86.Final.jar;C:\Users\Walter\.m2\repository\io\netty\netty-transport-native-unix-common\4.1.86.Final\netty-transport-native-unix-common-4.1.86.Final.jar;C:\Users\Walter\.m2\repository\io\netty\netty-handler-proxy\4.1.86.Final\netty-handler-proxy-4.1.86.Final.jar;C:\Users\Walter\.m2\repository\io\netty\netty-codec-socks\4.1.86.Final\netty-codec-socks-4.1.86.Final.jar;C:\Users\Walter\.m2\repository\io\netty\netty-codec-http\4.1.86.Final\netty-codec-http-4.1.86.Final.jar;C:\Users\Walter\.m2\repository\io\netty\netty-codec-http2\4.1.86.Final\netty-codec-http2-4.1.86.Final.jar;C:\Users\Walter\.m2\repository\io\netty\netty-resolver\4.1.86.Final\netty-resolver-4.1.86.Final.jar;C:\Users\Walter\.m2\repository\io\netty\netty-resolver-dns\4.1.86.Final\netty-resolver-dns-4.1.86.Final.jar;C:\Users\Walter\.m2\repository\io\netty\netty-codec-dns\4.1.86.Final\netty-codec-dns-4.1.86.Final.jar;C:\Users\Walter\.m2\repository\io\smallrye\common\smallrye-common-constraint\1.13.2\smallrye-common-constraint-1.13.2.jar;C:\Users\Walter\.m2\repository\io\quarkus\quarkus-vertx-http-dev-console-runtime-spi\2.15.2.Final\quarkus-vertx-http-dev-console-runtime-spi-2.15.2.Final.jar;C:\Users\Walter\.m2\repository\io\quarkus\security\quarkus-security\1.1.4.Final\quarkus-security-1.1.4.Final.jar;C:\Users\Walter\.m2\repository\io\quarkus\quarkus-vertx\2.15.2.Final\quarkus-vertx-2.15.2.Final.jar;C:\Users\Walter\.m2\repository\io\quarkus\quarkus-netty\2.15.2.Final\quarkus-netty-2.15.2.Final.jar;C:\Users\Walter\.m2\repository\io\netty\netty-codec\4.1.86.Final\netty-codec-4.1.86.Final.jar;C:\Users\Walter\.m2\repository\com\aayushatharva\brotli4j\brotli4j\1.8.0\brotli4j-1.8.0.jar;C:\Users\Walter\.m2\repository\com\aayushatharva\brotli4j\native-windows-x86_64\1.8.0\native-windows-x86_64-1.8.0.jar;C:\Users\Walter\.m2\repository\io\netty\netty-codec-haproxy\4.1.86.Final\netty-codec-haproxy-4.1.86.Final.jar;C:\Users\Walter\.m2\repository\io\smallrye\common\smallrye-common-annotation\1.13.2\smallrye-common-annotation-1.13.2.jar;C:\Users\Walter\.m2\repository\io\quarkus\quarkus-vertx-latebound-mdc-provider\2.15.2.Final\quarkus-vertx-latebound-mdc-provider-2.15.2.Final.jar;C:\Users\Walter\.m2\repository\io\smallrye\reactive\smallrye-mutiny-vertx-core\2.29.0\smallrye-mutiny-vertx-core-2.29.0.jar;C:\Users\Walter\.m2\repository\io\smallrye\reactive\smallrye-mutiny-vertx-runtime\2.29.0\smallrye-mutiny-vertx-runtime-2.29.0.jar;C:\Users\Walter\.m2\repository\io\smallrye\reactive\vertx-mutiny-generator\2.29.0\vertx-mutiny-generator-2.29.0.jar;C:\Users\Walter\.m2\repository\io\vertx\vertx-codegen\4.3.6\vertx-codegen-4.3.6.jar;C:\Users\Walter\.m2\repository\io\smallrye\smallrye-fault-tolerance-vertx\5.6.0\smallrye-fault-tolerance-vertx-5.6.0.jar;C:\Users\Walter\.m2\repository\io\smallrye\reactive\smallrye-mutiny-vertx-web\2.29.0\smallrye-mutiny-vertx-web-2.29.0.jar;C:\Users\Walter\.m2\repository\io\smallrye\reactive\smallrye-mutiny-vertx-web-common\2.29.0\smallrye-mutiny-vertx-web-common-2.29.0.jar;C:\Users\Walter\.m2\repository\io\smallrye\reactive\smallrye-mutiny-vertx-auth-common\2.29.0\smallrye-mutiny-vertx-auth-common-2.29.0.jar;C:\Users\Walter\.m2\repository\io\smallrye\reactive\smallrye-mutiny-vertx-bridge-common\2.29.0\smallrye-mutiny-vertx-bridge-common-2.29.0.jar;C:\Users\Walter\.m2\repository\io\smallrye\reactive\smallrye-mutiny-vertx-uri-template\2.29.0\smallrye-mutiny-vertx-uri-template-2.29.0.jar;C:\Users\Walter\.m2\repository\io\vertx\vertx-uri-template\4.3.6\vertx-uri-template-4.3.6.jar;C:\Users\Walter\.m2\repository\io\vertx\vertx-web\4.3.6\vertx-web-4.3.6.jar;C:\Users\Walter\.m2\repository\io\vertx\vertx-web-common\4.3.6\vertx-web-common-4.3.6.jar;C:\Users\Walter\.m2\repository\io\vertx\vertx-auth-common\4.3.6\vertx-auth-common-4.3.6.jar;C:\Users\Walter\.m2\repository\io\vertx\vertx-bridge-common\4.3.6\vertx-bridge-common-4.3.6.jar;C:\Users\Walter\.m2\repository\io\github\crac\org-crac\0.1.3\org-crac-0.1.3.jar;C:\Users\Walter\.m2\repository\io\quarkus\quarkus-resteasy-server-common\2.15.2.Final\quarkus-resteasy-server-common-2.15.2.Final.jar;C:\Users\Walter\.m2\repository\io\quarkus\quarkus-resteasy-common\2.15.2.Final\quarkus-resteasy-common-2.15.2.Final.jar;C:\Users\Walter\.m2\repository\org\jboss\resteasy\resteasy-core\4.7.7.Final\resteasy-core-4.7.7.Final.jar;C:\Users\Walter\.m2\repository\org\jboss\resteasy\resteasy-core-spi\4.7.7.Final\resteasy-core-spi-4.7.7.Final.jar;C:\Users\Walter\.m2\repository\com\ibm\async\asyncutil\0.1.0\asyncutil-0.1.0.jar;C:\Users\Walter\.m2\repository\jakarta\validation\jakarta.validation-api\2.0.2\jakarta.validation-api-2.0.2.jar;C:\Users\Walter\.m2\repository\io\quarkus\quarkus-arc\2.15.2.Final\quarkus-arc-2.15.2.Final.jar;C:\Users\Walter\.m2\repository\io\quarkus\arc\arc\2.15.2.Final\arc-2.15.2.Final.jar;C:\Users\Walter\.m2\repository\jakarta\enterprise\jakarta.enterprise.cdi-api\2.0.2\jakarta.enterprise.cdi-api-2.0.2.jar;C:\Users\Walter\.m2\repository\jakarta\el\jakarta.el-api\3.0.3\jakarta.el-api-3.0.3.jar;C:\Users\Walter\.m2\repository\jakarta\interceptor\jakarta.interceptor-api\1.2.5\jakarta.interceptor-api-1.2.5.jar;C:\Users\Walter\.m2\repository\jakarta\annotation\jakarta.annotation-api\1.3.5\jakarta.annotation-api-1.3.5.jar;C:\Users\Walter\.m2\repository\io\smallrye\reactive\mutiny\1.8.0\mutiny-1.8.0.jar;C:\Users\Walter\.m2\repository\org\reactivestreams\reactive-streams\1.0.3\reactive-streams-1.0.3.jar;C:\Users\Walter\.m2\repository\org\jboss\logging\jboss-logging\3.5.0.Final\jboss-logging-3.5.0.Final.jar;C:\Users\Walter\.m2\repository\io\quarkus\quarkus-core\2.15.2.Final\quarkus-core-2.15.2.Final.jar;C:\Users\Walter\.m2\repository\jakarta\inject\jakarta.inject-api\1.0\jakarta.inject-api-1.0.jar;C:\Users\Walter\.m2\repository\io\quarkus\quarkus-ide-launcher\2.15.2.Final\quarkus-ide-launcher-2.15.2.Final.jar;C:\Users\Walter\.m2\repository\io\quarkus\quarkus-development-mode-spi\2.15.2.Final\quarkus-development-mode-spi-2.15.2.Final.jar;C:\Users\Walter\.m2\repository\io\smallrye\config\smallrye-config\2.13.0\smallrye-config-2.13.0.jar;C:\Users\Walter\.m2\repository\io\smallrye\config\smallrye-config-core\2.13.0\smallrye-config-core-2.13.0.jar;C:\Users\Walter\.m2\repository\io\smallrye\common\smallrye-common-expression\1.13.2\smallrye-common-expression-1.13.2.jar;C:\Users\Walter\.m2\repository\io\smallrye\common\smallrye-common-function\1.13.2\smallrye-common-function-1.13.2.jar;C:\Users\Walter\.m2\repository\io\smallrye\common\smallrye-common-classloader\1.13.2\smallrye-common-classloader-1.13.2.jar;C:\Users\Walter\.m2\repository\io\smallrye\config\smallrye-config-common\2.13.0\smallrye-config-common-2.13.0.jar;C:\Users\Walter\.m2\repository\org\jboss\logmanager\jboss-logmanager-embedded\1.0.11\jboss-logmanager-embedded-1.0.11.jar;C:\Users\Walter\.m2\repository\org\jboss\logging\jboss-logging-annotations\2.2.1.Final\jboss-logging-annotations-2.2.1.Final.jar;C:\Users\Walter\.m2\repository\org\jboss\threads\jboss-threads\3.4.3.Final\jboss-threads-3.4.3.Final.jar;C:\Users\Walter\.m2\repository\org\slf4j\slf4j-api\1.7.36\slf4j-api-1.7.36.jar;C:\Users\Walter\.m2\repository\org\jboss\slf4j\slf4j-jboss-logmanager\1.2.0.Final\slf4j-jboss-logmanager-1.2.0.Final.jar;C:\Users\Walter\.m2\repository\org\graalvm\sdk\graal-sdk\22.3.0\graal-sdk-22.3.0.jar;C:\Users\Walter\.m2\repository\org\wildfly\common\wildfly-common\1.5.4.Final-format-001\wildfly-common-1.5.4.Final-format-001.jar;C:\Users\Walter\.m2\repository\io\quarkus\quarkus-bootstrap-runner\2.15.2.Final\quarkus-bootstrap-runner-2.15.2.Final.jar;C:\Users\Walter\.m2\repository\io\quarkus\quarkus-fs-util\0.0.9\quarkus-fs-util-0.0.9.jar;C:\Users\Walter\.m2\repository\org\eclipse\microprofile\context-propagation\microprofile-context-propagation-api\1.2\microprofile-context-propagation-api-1.2.jar;C:\Users\Walter\.m2\repository\io\quarkus\quarkus-hibernate-validator\2.15.2.Final\quarkus-hibernate-validator-2.15.2.Final.jar;C:\Users\Walter\.m2\repository\org\hibernate\validator\hibernate-validator\6.2.5.Final\hibernate-validator-6.2.5.Final.jar;C:\Users\Walter\.m2\repository\com\fasterxml\classmate\1.5.1\classmate-1.5.1.jar;C:\Users\Walter\.m2\repository\org\glassfish\jakarta.el\3.0.4\jakarta.el-3.0.4.jar;C:\Users\Walter\.m2\repository\io\smallrye\config\smallrye-config-validator\2.13.0\smallrye-config-validator-2.13.0.jar;C:\Users\Walter\.m2\repository\org\jboss\spec\javax\ws\rs\jboss-jaxrs-api_2.1_spec\2.0.1.Final\jboss-jaxrs-api_2.1_spec-2.0.1.Final.jar;C:\Users\Walter\.m2\repository\io\quarkus\quarkus-hibernate-orm-panache\2.15.2.Final\quarkus-hibernate-orm-panache-2.15.2.Final.jar;C:\Users\Walter\.m2\repository\io\quarkus\quarkus-hibernate-orm-panache-common\2.15.2.Final\quarkus-hibernate-orm-panache-common-2.15.2.Final.jar;C:\Users\Walter\.m2\repository\io\quarkus\quarkus-panache-hibernate-common\2.15.2.Final\quarkus-panache-hibernate-common-2.15.2.Final.jar;C:\Users\Walter\.m2\repository\io\quarkus\quarkus-panache-common\2.15.2.Final\quarkus-panache-common-2.15.2.Final.jar;C:\Users\Walter\.m2\repository\io\quarkus\quarkus-hibernate-orm\2.15.2.Final\quarkus-hibernate-orm-2.15.2.Final.jar;C:\Users\Walter\.m2\repository\io\quarkus\quarkus-agroal\2.15.2.Final\quarkus-agroal-2.15.2.Final.jar;C:\Users\Walter\.m2\repository\io\quarkus\quarkus-datasource\2.15.2.Final\quarkus-datasource-2.15.2.Final.jar;C:\Users\Walter\.m2\repository\io\quarkus\quarkus-datasource-common\2.15.2.Final\quarkus-datasource-common-2.15.2.Final.jar;C:\Users\Walter\.m2\repository\io\agroal\agroal-api\1.16\agroal-api-1.16.jar;C:\Users\Walter\.m2\repository\io\agroal\agroal-narayana\1.16\agroal-narayana-1.16.jar;C:\Users\Walter\.m2\repository\org\jboss\jboss-transaction-spi\7.6.0.Final\jboss-transaction-spi-7.6.0.Final.jar;C:\Users\Walter\.m2\repository\io\agroal\agroal-pool\1.16\agroal-pool-1.16.jar;C:\Users\Walter\.m2\repository\io\quarkus\quarkus-narayana-jta\2.15.2.Final\quarkus-narayana-jta-2.15.2.Final.jar;C:\Users\Walter\.m2\repository\io\quarkus\quarkus-transaction-annotations\2.15.2.Final\quarkus-transaction-annotations-2.15.2.Final.jar;C:\Users\Walter\.m2\repository\io\smallrye\smallrye-context-propagation-jta\1.2.2\smallrye-context-propagation-jta-1.2.2.jar;C:\Users\Walter\.m2\repository\io\smallrye\reactive\smallrye-reactive-converter-api\2.7.0\smallrye-reactive-converter-api-2.7.0.jar;C:\Users\Walter\.m2\repository\io\smallrye\reactive\smallrye-reactive-converter-mutiny\2.7.0\smallrye-reactive-converter-mutiny-2.7.0.jar;C:\Users\Walter\.m2\repository\org\jboss\narayana\jta\narayana-jta\5.13.1.Final\narayana-jta-5.13.1.Final.jar;C:\Users\Walter\.m2\repository\org\jboss\spec\javax\resource\jboss-connector-api_1.7_spec\1.0.0.Final\jboss-connector-api_1.7_spec-1.0.0.Final.jar;C:\Users\Walter\.m2\repository\org\jboss\narayana\jts\narayana-jts-integration\5.13.1.Final\narayana-jts-integration-5.13.1.Final.jar;C:\Users\Walter\.m2\repository\org\hibernate\hibernate-core\5.6.14.Final\hibernate-core-5.6.14.Final.jar;C:\Users\Walter\.m2\repository\net\bytebuddy\byte-buddy\1.12.18\byte-buddy-1.12.18.jar;C:\Users\Walter\.m2\repository\antlr\antlr\2.7.7\antlr-2.7.7.jar;C:\Users\Walter\.m2\repository\org\hibernate\common\hibernate-commons-annotations\5.1.2.Final\hibernate-commons-annotations-5.1.2.Final.jar;C:\Users\Walter\.m2\repository\org\hibernate\hibernate-graalvm\5.6.14.Final\hibernate-graalvm-5.6.14.Final.jar;C:\Users\Walter\.m2\repository\org\glassfish\jaxb\jaxb-runtime\2.3.3-b02\jaxb-runtime-2.3.3-b02.jar;C:\Users\Walter\.m2\repository\org\glassfish\jaxb\txw2\2.3.3-b02\txw2-2.3.3-b02.jar;C:\Users\Walter\.m2\repository\com\sun\istack\istack-commons-runtime\3.0.10\istack-commons-runtime-3.0.10.jar;C:\Users\Walter\.m2\repository\com\sun\activation\jakarta.activation\1.2.1\jakarta.activation-1.2.1.jar;C:\Users\Walter\.m2\repository\org\jboss\spec\javax\xml\bind\jboss-jaxb-api_2.3_spec\2.0.0.Final\jboss-jaxb-api_2.3_spec-2.0.0.Final.jar;C:\Users\Walter\.m2\repository\jakarta\persistence\jakarta.persistence-api\2.2.3\jakarta.persistence-api-2.2.3.jar;C:\Users\Walter\.m2\repository\jakarta\transaction\jakarta.transaction-api\1.3.3\jakarta.transaction-api-1.3.3.jar;C:\Users\Walter\.m2\repository\org\hibernate\quarkus-local-cache\0.1.1\quarkus-local-cache-0.1.1.jar;C:\Users\Walter\.m2\repository\io\quarkus\quarkus-caffeine\2.15.2.Final\quarkus-caffeine-2.15.2.Final.jar;C:\Users\Walter\.m2\repository\com\github\ben-manes\caffeine\caffeine\3.1.1\caffeine-3.1.1.jar;C:\Users\Walter\.m2\repository\com\google\errorprone\error_prone_annotations\2.16\error_prone_annotations-2.16.jar;C:\Users\Walter\.m2\repository\io\quarkus\quarkus-jdbc-h2\2.15.2.Final\quarkus-jdbc-h2-2.15.2.Final.jar;C:\Users\Walter\.m2\repository\com\h2database\h2\2.1.214\h2-2.1.214.jar;C:\Users\Walter\.m2\repository\org\locationtech\jts\jts-core\1.17.0\jts-core-1.17.0.jar;C:\Users\Walter\.m2\repository\io\quarkus\quarkus-resteasy-jsonb\2.15.2.Final\quarkus-resteasy-jsonb-2.15.2.Final.jar;C:\Users\Walter\.m2\repository\io\quarkus\quarkus-jsonb\2.15.2.Final\quarkus-jsonb-2.15.2.Final.jar;C:\Users\Walter\.m2\repository\org\eclipse\yasson\1.0.11\yasson-1.0.11.jar;C:\Users\Walter\.m2\repository\io\quarkus\quarkus-jsonp\2.15.2.Final\quarkus-jsonp-2.15.2.Final.jar;C:\Users\Walter\.m2\repository\org\glassfish\jakarta.json\1.1.6\jakarta.json-1.1.6.jar;C:\Users\Walter\.m2\repository\org\jboss\resteasy\resteasy-json-binding-provider\4.7.7.Final\resteasy-json-binding-provider-4.7.7.Final.jar;C:\Users\Walter\.m2\repository\jakarta\json\bind\jakarta.json.bind-api\1.0.2\jakarta.json.bind-api-1.0.2.jar;C:\Users\Walter\.m2\repository\org\jboss\resteasy\resteasy-json-p-provider\4.7.7.Final\resteasy-json-p-provider-4.7.7.Final.jar;C:\Users\Walter\.m2\repository\commons-io\commons-io\2.11.0\commons-io-2.11.0.jar;C:\Users\Walter\.m2\repository\io\quarkus\quarkus-rest-client-reactive-jackson\2.15.2.Final\quarkus-rest-client-reactive-jackson-2.15.2.Final.jar;C:\Users\Walter\.m2\repository\io\quarkus\resteasy\reactive\resteasy-reactive-jackson\2.15.2.Final\resteasy-reactive-jackson-2.15.2.Final.jar;C:\Users\Walter\.m2\repository\io\quarkus\resteasy\reactive\resteasy-reactive\2.15.2.Final\resteasy-reactive-2.15.2.Final.jar;C:\Users\Walter\.m2\repository\io\quarkus\resteasy\reactive\resteasy-reactive-common\2.15.2.Final\resteasy-reactive-common-2.15.2.Final.jar;C:\Users\Walter\.m2\repository\io\quarkus\resteasy\reactive\resteasy-reactive-common-types\2.15.2.Final\resteasy-reactive-common-types-2.15.2.Final.jar;C:\Users\Walter\.m2\repository\com\fasterxml\jackson\core\jackson-databind\2.14.1\jackson-databind-2.14.1.jar;C:\Users\Walter\.m2\repository\com\fasterxml\jackson\core\jackson-annotations\2.14.1\jackson-annotations-2.14.1.jar;C:\Users\Walter\.m2\repository\org\jboss\logging\commons-logging-jboss-logging\1.0.0.Final\commons-logging-jboss-logging-1.0.0.Final.jar;C:\Users\Walter\.m2\repository\io\quarkus\quarkus-resteasy-reactive-jackson-common\2.15.2.Final\quarkus-resteasy-reactive-jackson-common-2.15.2.Final.jar;C:\Users\Walter\.m2\repository\io\quarkus\quarkus-resteasy-reactive-common\2.15.2.Final\quarkus-resteasy-reactive-common-2.15.2.Final.jar;C:\Users\Walter\.m2\repository\io\quarkus\quarkus-jackson\2.15.2.Final\quarkus-jackson-2.15.2.Final.jar;C:\Users\Walter\.m2\repository\com\fasterxml\jackson\datatype\jackson-datatype-jsr310\2.14.1\jackson-datatype-jsr310-2.14.1.jar;C:\Users\Walter\.m2\repository\com\fasterxml\jackson\datatype\jackson-datatype-jdk8\2.14.1\jackson-datatype-jdk8-2.14.1.jar;C:\Users\Walter\.m2\repository\com\fasterxml\jackson\module\jackson-module-parameter-names\2.14.1\jackson-module-parameter-names-2.14.1.jar;C:\Users\Walter\.m2\repository\io\quarkus\quarkus-rest-client-reactive\2.15.2.Final\quarkus-rest-client-reactive-2.15.2.Final.jar;C:\Users\Walter\.m2\repository\io\quarkus\quarkus-jaxrs-client-reactive\2.15.2.Final\quarkus-jaxrs-client-reactive-2.15.2.Final.jar;C:\Users\Walter\.m2\repository\io\quarkus\resteasy\reactive\resteasy-reactive-client\2.15.2.Final\resteasy-reactive-client-2.15.2.Final.jar;C:\Users\Walter\.m2\repository\io\vertx\vertx-web-client\4.3.6\vertx-web-client-4.3.6.jar;C:\Users\Walter\.m2\repository\io\quarkus\quarkus-smallrye-stork\2.15.2.Final\quarkus-smallrye-stork-2.15.2.Final.jar;C:\Users\Walter\.m2\repository\io\quarkus\quarkus-rest-client-config\2.15.2.Final\quarkus-rest-client-config-2.15.2.Final.jar;C:\Users\Walter\.m2\repository\io\smallrye\stork\stork-api\1.3.3\stork-api-1.3.3.jar;C:\Users\Walter\.m2\repository\io\smallrye\stork\stork-core\1.3.3\stork-core-1.3.3.jar;C:\Users\Walter\.m2\repository\org\eclipse\microprofile\rest\client\microprofile-rest-client-api\2.0\microprofile-rest-client-api-2.0.jar;C:\Users\Walter\.m2\repository\io\quarkus\quarkus-jdbc-mysql\2.15.2.Final\quarkus-jdbc-mysql-2.15.2.Final.jar;C:\Users\Walter\.m2\repository\mysql\mysql-connector-java\8.0.30\mysql-connector-java-8.0.30.jar;C:\Users\Walter\.m2\repository\io\quarkus\quarkus-smallrye-openapi\2.15.2.Final\quarkus-smallrye-openapi-2.15.2.Final.jar;C:\Users\Walter\.m2\repository\io\smallrye\smallrye-open-api-core\2.3.1\smallrye-open-api-core-2.3.1.jar;C:\Users\Walter\.m2\repository\org\eclipse\microprofile\openapi\microprofile-openapi-api\2.0.1\microprofile-openapi-api-2.0.1.jar;C:\Users\Walter\.m2\repository\org\eclipse\microprofile\config\microprofile-config-api\2.0.1\microprofile-config-api-2.0.1.jar;C:\Users\Walter\.m2\repository\com\fasterxml\jackson\core\jackson-core\2.14.1\jackson-core-2.14.1.jar;C:\Users\Walter\.m2\repository\com\fasterxml\jackson\dataformat\jackson-dataformat-yaml\2.14.1\jackson-dataformat-yaml-2.14.1.jar;C:\Users\Walter\.m2\repository\org\yaml\snakeyaml\1.33\snakeyaml-1.33.jar;C:\Users\Walter\.m2\repository\io\smallrye\jandex\3.0.5\jandex-3.0.5.jar;C:\Users\Walter\.m2\repository\io\quarkus\quarkus-swagger-ui\2.15.2.Final\quarkus-swagger-ui-2.15.2.Final.jar;C:\Users\Walter\.m2\repository\io\quarkus\quarkus-junit5\2.15.2.Final\quarkus-junit5-2.15.2.Final.jar;C:\Users\Walter\.m2\repository\io\quarkus\quarkus-bootstrap-core\2.15.2.Final\quarkus-bootstrap-core-2.15.2.Final.jar;C:\Users\Walter\.m2\repository\io\quarkus\quarkus-bootstrap-app-model\2.15.2.Final\quarkus-bootstrap-app-model-2.15.2.Final.jar;C:\Users\Walter\.m2\repository\io\smallrye\common\smallrye-common-io\1.13.2\smallrye-common-io-1.13.2.jar;C:\Users\Walter\.m2\repository\org\eclipse\sisu\org.eclipse.sisu.inject\0.3.5\org.eclipse.sisu.inject-0.3.5.jar;C:\Users\Walter\.m2\repository\io\quarkus\quarkus-test-common\2.15.2.Final\quarkus-test-common-2.15.2.Final.jar;C:\Users\Walter\.m2\repository\io\quarkus\quarkus-core-deployment\2.15.2.Final\quarkus-core-deployment-2.15.2.Final.jar;C:\Users\Walter\.m2\repository\org\aesh\readline\2.2\readline-2.2.jar;C:\Users\Walter\.m2\repository\org\fusesource\jansi\jansi\1.18\jansi-1.18.jar;C:\Users\Walter\.m2\repository\org\aesh\aesh\2.6\aesh-2.6.jar;C:\Users\Walter\.m2\repository\io\quarkus\gizmo\gizmo\1.4.0.Final\gizmo-1.4.0.Final.jar;C:\Users\Walter\.m2\repository\org\ow2\asm\asm-util\9.4\asm-util-9.4.jar;C:\Users\Walter\.m2\repository\org\ow2\asm\asm-analysis\9.4\asm-analysis-9.4.jar;C:\Users\Walter\.m2\repository\org\ow2\asm\asm\9.4\asm-9.4.jar;C:\Users\Walter\.m2\repository\org\ow2\asm\asm-commons\9.4\asm-commons-9.4.jar;C:\Users\Walter\.m2\repository\org\ow2\asm\asm-tree\9.4\asm-tree-9.4.jar;C:\Users\Walter\.m2\repository\io\quarkus\quarkus-class-change-agent\2.15.2.Final\quarkus-class-change-agent-2.15.2.Final.jar;C:\Users\Walter\.m2\repository\io\quarkus\quarkus-devtools-utilities\2.15.2.Final\quarkus-devtools-utilities-2.15.2.Final.jar;C:\Users\Walter\.m2\repository\io\quarkus\quarkus-builder\2.15.2.Final\quarkus-builder-2.15.2.Final.jar;C:\Users\Walter\.m2\repository\org\junit\platform\junit-platform-launcher\1.9.1\junit-platform-launcher-1.9.1.jar;C:\Users\Walter\.m2\repository\io\quarkus\quarkus-bootstrap-maven-resolver\2.15.2.Final\quarkus-bootstrap-maven-resolver-2.15.2.Final.jar;C:\Users\Walter\.m2\repository\org\apache\maven\maven-embedder\3.8.6\maven-embedder-3.8.6.jar;C:\Users\Walter\.m2\repository\org\apache\maven\maven-settings\3.8.6\maven-settings-3.8.6.jar;C:\Users\Walter\.m2\repository\org\apache\maven\maven-core\3.8.6\maven-core-3.8.6.jar;C:\Users\Walter\.m2\repository\org\apache\maven\maven-artifact\3.8.6\maven-artifact-3.8.6.jar;C:\Users\Walter\.m2\repository\org\codehaus\plexus\plexus-component-annotations\2.1.0\plexus-component-annotations-2.1.0.jar;C:\Users\Walter\.m2\repository\org\apache\maven\maven-plugin-api\3.8.6\maven-plugin-api-3.8.6.jar;C:\Users\Walter\.m2\repository\org\apache\maven\maven-model\3.8.6\maven-model-3.8.6.jar;C:\Users\Walter\.m2\repository\org\apache\maven\maven-model-builder\3.8.6\maven-model-builder-3.8.6.jar;C:\Users\Walter\.m2\repository\org\apache\maven\maven-builder-support\3.8.6\maven-builder-support-3.8.6.jar;C:\Users\Walter\.m2\repository\org\apache\maven\resolver\maven-resolver-api\1.6.3\maven-resolver-api-1.6.3.jar;C:\Users\Walter\.m2\repository\org\apache\maven\resolver\maven-resolver-util\1.6.3\maven-resolver-util-1.6.3.jar;C:\Users\Walter\.m2\repository\org\apache\maven\shared\maven-shared-utils\3.3.4\maven-shared-utils-3.3.4.jar;C:\Users\Walter\.m2\repository\com\google\inject\guice\4.2.2\guice-4.2.2-no_aop.jar;C:\Users\Walter\.m2\repository\com\google\guava\guava\31.1-jre\guava-31.1-jre.jar;C:\Users\Walter\.m2\repository\com\google\guava\failureaccess\1.0.1\failureaccess-1.0.1.jar;C:\Users\Walter\.m2\repository\org\codehaus\plexus\plexus-classworlds\2.6.0\plexus-classworlds-2.6.0.jar;C:\Users\Walter\.m2\repository\org\codehaus\plexus\plexus-sec-dispatcher\2.0\plexus-sec-dispatcher-2.0.jar;C:\Users\Walter\.m2\repository\org\codehaus\plexus\plexus-cipher\2.0\plexus-cipher-2.0.jar;C:\Users\Walter\.m2\repository\commons-cli\commons-cli\1.4\commons-cli-1.4.jar;C:\Users\Walter\.m2\repository\org\eclipse\sisu\org.eclipse.sisu.plexus\0.3.5\org.eclipse.sisu.plexus-0.3.5.jar;C:\Users\Walter\.m2\repository\org\apache\maven\maven-settings-builder\3.8.6\maven-settings-builder-3.8.6.jar;C:\Users\Walter\.m2\repository\org\codehaus\plexus\plexus-interpolation\1.26\plexus-interpolation-1.26.jar;C:\Users\Walter\.m2\repository\org\apache\maven\maven-resolver-provider\3.8.6\maven-resolver-provider-3.8.6.jar;C:\Users\Walter\.m2\repository\org\apache\maven\maven-repository-metadata\3.8.6\maven-repository-metadata-3.8.6.jar;C:\Users\Walter\.m2\repository\org\apache\maven\resolver\maven-resolver-spi\1.6.3\maven-resolver-spi-1.6.3.jar;C:\Users\Walter\.m2\repository\org\apache\maven\resolver\maven-resolver-impl\1.6.3\maven-resolver-impl-1.6.3.jar;C:\Users\Walter\.m2\repository\org\codehaus\plexus\plexus-utils\3.3.0\plexus-utils-3.3.0.jar;C:\Users\Walter\.m2\repository\org\apache\maven\resolver\maven-resolver-connector-basic\1.6.3\maven-resolver-connector-basic-1.6.3.jar;C:\Users\Walter\.m2\repository\org\apache\maven\resolver\maven-resolver-transport-wagon\1.6.3\maven-resolver-transport-wagon-1.6.3.jar;C:\Users\Walter\.m2\repository\org\apache\maven\wagon\wagon-http\3.5.1\wagon-http-3.5.1.jar;C:\Users\Walter\.m2\repository\org\apache\maven\wagon\wagon-http-shared\3.5.1\wagon-http-shared-3.5.1.jar;C:\Users\Walter\.m2\repository\org\apache\maven\wagon\wagon-provider-api\3.5.1\wagon-provider-api-3.5.1.jar;C:\Users\Walter\.m2\repository\org\apache\maven\wagon\wagon-file\3.5.1\wagon-file-3.5.1.jar;C:\Users\Walter\.m2\repository\io\quarkus\quarkus-bootstrap-gradle-resolver\2.15.2.Final\quarkus-bootstrap-gradle-resolver-2.15.2.Final.jar;C:\Users\Walter\.m2\repository\io\quarkus\quarkus-junit5-properties\2.15.2.Final\quarkus-junit5-properties-2.15.2.Final.jar;C:\Users\Walter\.m2\repository\org\junit\jupiter\junit-jupiter\5.9.1\junit-jupiter-5.9.1.jar;C:\Users\Walter\.m2\repository\org\junit\jupiter\junit-jupiter-api\5.9.1\junit-jupiter-api-5.9.1.jar;C:\Users\Walter\.m2\repository\org\opentest4j\opentest4j\1.2.0\opentest4j-1.2.0.jar;C:\Users\Walter\.m2\repository\org\junit\platform\junit-platform-commons\1.9.1\junit-platform-commons-1.9.1.jar;C:\Users\Walter\.m2\repository\org\apiguardian\apiguardian-api\1.1.2\apiguardian-api-1.1.2.jar;C:\Users\Walter\.m2\repository\org\junit\jupiter\junit-jupiter-params\5.9.1\junit-jupiter-params-5.9.1.jar;C:\Users\Walter\.m2\repository\org\junit\jupiter\junit-jupiter-engine\5.9.1\junit-jupiter-engine-5.9.1.jar;C:\Users\Walter\.m2\repository\org\junit\platform\junit-platform-engine\1.9.1\junit-platform-engine-1.9.1.jar;C:\Users\Walter\.m2\repository\com\thoughtworks\xstream\xstream\1.4.19\xstream-1.4.19.jar;C:\Users\Walter\.m2\repository\io\github\x-stream\mxparser\1.2.2\mxparser-1.2.2.jar;C:\Users\Walter\.m2\repository\xmlpull\xmlpull\1.1.3.1\xmlpull-1.1.3.1.jar;C:\Users\Walter\.m2\repository\io\rest-assured\rest-assured\4.5.1\rest-assured-4.5.1.jar;C:\Users\Walter\.m2\repository\org\codehaus\groovy\groovy\3.0.9\groovy-3.0.9.jar;C:\Users\Walter\.m2\repository\org\codehaus\groovy\groovy-xml\3.0.9\groovy-xml-3.0.9.jar;C:\Users\Walter\.m2\repository\org\apache\httpcomponents\httpclient\4.5.13\httpclient-4.5.13.jar;C:\Users\Walter\.m2\repository\org\apache\httpcomponents\httpcore\4.4.15\httpcore-4.4.15.jar;C:\Users\Walter\.m2\repository\commons-codec\commons-codec\1.15\commons-codec-1.15.jar;C:\Users\Walter\.m2\repository\org\apache\httpcomponents\httpmime\4.5.13\httpmime-4.5.13.jar;C:\Users\Walter\.m2\repository\org\hamcrest\hamcrest\2.1\hamcrest-2.1.jar;C:\Users\Walter\.m2\repository\org\ccil\cowan\tagsoup\tagsoup\1.2.1\tagsoup-1.2.1.jar;C:\Users\Walter\.m2\repository\io\rest-assured\json-path\4.5.1\json-path-4.5.1.jar;C:\Users\Walter\.m2\repository\org\codehaus\groovy\groovy-json\3.0.9\groovy-json-3.0.9.jar;C:\Users\Walter\.m2\repository\io\rest-assured\rest-assured-common\4.5.1\rest-assured-common-4.5.1.jar;C:\Users\Walter\.m2\repository\io\rest-assured\xml-path\4.5.1\xml-path-4.5.1.jar;C:\Users\Walter\.m2\repository\org\apache\commons\commons-lang3\3.12.0\commons-lang3-3.12.0.jar;C:\Users\Walter\.m2\repository\org\projectlombok\lombok\1.18.22\lombok-1.18.22.jar;"/>
    <property name="sun.cpu.endian" value="little"/>
    <property name="user.home" value="C:\Users\Walter"/>
    <property name="user.language" value="pt"/>
    <property name="jboss.log-version" value="false"/>
    <property name="java.specification.vendor" value="Oracle Corporation"/>
    <property name="io.netty.allocator.maxOrder" value="3"/>
    <property name="java.version.date" value="2022-10-18"/>
    <property name="java.home" value="C:\Users\Walter\Java\semeru-17.0.5"/>
    <property name="ibm.signalhandling.rs" value="false"/>
    <property name="openjdk.methodhandles" value="true"/>
    <property name="file.separator" value="\"/>
    <property name="jdk.extensions.name" value="Extensions for OpenJDK for Eclipse OpenJ9"/>
    <property name="basedir" value="C:\Users\Walter\source\Java\quarkus\quarkus-social"/>
    <property name="line.separator" value="&#10;"/>
    <property name="java.specification.name" value="Java Platform API Specification"/>
    <property name="java.vm.specification.vendor" value="Oracle Corporation"/>
    <property name="java.compiler" value="j9jit29"/>
    <property name="com.ibm.util.extralibs.properties" value=""/>
    <property name="java.awt.graphicsenv" value="sun.awt.Win32GraphicsEnvironment"/>
    <property name="com.ibm.oti.configuration" value="scar"/>
    <property name="java.awt.fonts" value=""/>
    <property name="surefire.real.class.path" value="C:\Users\Walter\AppData\Local\Temp\surefire8191424163790782907\surefirebooter-20230110150629860_3.jar"/>
    <property name="com.ibm.oti.shared.enabled" value="false"/>
    <property name="jdk.boot.class.path.append" value=""/>
    <property name="com.ibm.oti.vm.bootstrap.library.path" value="C:\Users\Walter\Java\semeru-17.0.5\bin\default;C:\Users\Walter\Java\semeru-17.0.5\bin"/>
    <property name="com.ibm.cpu.endian" value="little"/>
    <property name="java.fullversion" value="17.0.5+8&#10;JRE 17 Windows 11 amd64-64-Bit Compressed References 20221018_298 (JIT enabled, AOT enabled)&#10;OpenJ9   - e04a7f6c1&#10;OMR      - 85a21674f&#10;JCL      - 32d2c409a33 based on jdk-17.0.5+8"/>
    <property name="java.runtime.version" value="17.0.5+8"/>
    <property name="user.name" value="Walter"/>
    <property name="com.mysql.cj.disableAbandonedConnectionCleanup" value="true"/>
    <property name="dev.resteasy.exception.mapper" value="false"/>
    <property name="path.separator" value=";"/>
    <property name="os.version" value="10.0"/>
    <property name="java.runtime.name" value="IBM Semeru Runtime Open Edition"/>
    <property name="ibm.signalhandling.sigint" value="true"/>
    <property name="file.encoding" value="Cp1252"/>
    <property name="java.vm.name" value="Eclipse OpenJ9 VM"/>
    <property name="java.vendor.version" value="17.0.5.0"/>
    <property name="ibm.signalhandling.sigchain" value="true"/>
    <property name="localRepository" value="C:\Users\Walter\.m2\repository"/>
    <property name="java.vendor.url.bug" value="https://github.com/ibmruntimes/Semeru-Runtimes/issues"/>
    <property name="java.io.tmpdir" value="C:\Users\Walter\AppData\Local\Temp\"/>
    <property name="quarkus.log.file.path" value="target\quarkus.log"/>
    <property name="java.version" value="17.0.5"/>
    <property name="java.util.concurrent.ForkJoinPool.common.threadFactory" value="io.quarkus.bootstrap.forkjoin.QuarkusForkJoinWorkerThreadFactory"/>
    <property name="com.ibm.system.agent.path" value="C:\Users\Walter\Java\semeru-17.0.5\bin"/>
    <property name="user.dir" value="C:\Users\Walter\source\Java\quarkus\quarkus-social"/>
    <property name="os.arch" value="amd64"/>
    <property name="hibernate.bytecode.provider" value="none"/>
    <property name="java.vm.specification.name" value="Java Virtual Machine Specification"/>
    <property name="vertx.disableDnsResolver" value="true"/>
    <property name="java.awt.printerjob" value="sun.awt.windows.WPrinterJob"/>
    <property name="sun.nio.PageAlignDirectMemory" value="false"/>
    <property name="os.encoding" value="UTF-8"/>
    <property name="native.encoding" value="Cp1252"/>
    <property name="java.util.logging.manager" value="org.jboss.logmanager.LogManager"/>
    <property name="java.library.path" value="C:\Users\Walter\Java\semeru-17.0.5\bin\default;C:\Users\Walter\Java\semeru-17.0.5\bin;C:\WINDOWS\system32;C:\WINDOWS;C:\Program Files (x86)\Razer\ChromaBroadcast\bin;C:\Program Files\Razer\ChromaBroadcast\bin;C:\Program Files\Microsoft\jdk-11.0.12.7-hotspot\bin;C:\Program Files (x86)\NVIDIA Corporation\PhysX\Common;C:\WINDOWS\system32;C:\WINDOWS;C:\WINDOWS\System32\Wbem;C:\WINDOWS\System32\WindowsPowerShell\v1.0\;C:\WINDOWS\System32\OpenSSH\;C:\Program Files\Microsoft SQL Server\150\Tools\Binn\;C:\Program Files\Microsoft SQL Server\Client SDK\ODBC\170\Tools\Binn\;C:\Program Files\dotnet\;C:\WINDOWS\system32;C:\WINDOWS;C:\WINDOWS\System32\Wbem;C:\WINDOWS\System32\WindowsPowerShell\v1.0\;C:\WINDOWS\System32\OpenSSH\;C:\Program Files\nodejs\;C:\Program Files\Git\cmd;C:\Program Files (x86)\IncrediBuild;C:\WINDOWS\system32\config\systemprofile\AppData\Local\Microsoft\WindowsApps;;C:\Program Files\Docker\Docker\resources\bin;C:\Program Files\Amazon\AWSCLIV2\;C:\Users\Walter\AppData\Local\Microsoft\WindowsApps;C:\Users\Walter\AppData\Local\Programs\Microsoft VS Code\bin;C:\Users\Walter\.dotnet\tools;C:\Users\Walter\AppData\Roaming\npm;C:\Users\Walter\AppData\Local\GitHubDesktop\bin;C:\Program Files\JetBrains\IntelliJ IDEA Community Edition 2022.2.4\bin;;C:\Users\Walter\Java\apache-maven-3.8.6\bin;C:\Users\Walter\Java\semeru-17.0.5\bin;;."/>
    <property name="java.vendor" value="IBM Corporation"/>
    <property name="java.vm.info" value="JRE 17 Windows 11 amd64-64-Bit Compressed References 20221018_298 (JIT enabled, AOT enabled)&#10;OpenJ9   - e04a7f6c1&#10;OMR      - 85a21674f&#10;JCL      - 32d2c409a33 based on jdk-17.0.5+8"/>
    <property name="sun.nio.MaxDirectMemorySize" value="-1"/>
    <property name="vertx.disableTCCL" value="true"/>
    <property name="java.vm.version" value="openj9-0.35.0"/>
    <property name="com.ibm.jcl.checkClassPath" value=""/>
    <property name="ibm.system.encoding" value="Cp1252"/>
    <property name="java.lang.invoke.VarHandle.VAR_HANDLE_GUARDS" value="false"/>
    <property name="sun.io.unicode.encoding" value="UnicodeLittle"/>
    <property name="io.netty.machineId" value="19:7f:91:e5:8f:d7:63:cc"/>
    <property name="java.class.version" value="61.0"/>
    <property name="mp.openapi.extensions.smallrye.defaultConsumes" value="application/json"/>
  </properties>
  <testcase name="createPostTest" classname="io.github.wparanhosm.quarkussocial.rest.PostResourceTest" time="0.137">
    <system-out><![CDATA[Hibernate: 
    insert 
    into
        users
        (id, age, name) 
    values
        (default, ?, ?)
Hibernate: 
    insert 
    into
        users
        (id, age, name) 
    values
        (default, ?, ?)
Hibernate: 
    insert 
    into
        users
        (id, age, name) 
    values
        (default, ?, ?)
Hibernate: 
    insert 
    into
        followers
        (id, follower_id, user_id) 
    values
        (default, ?, ?)
2023-01-10 15:07:10,026 INFO  [io.git.wpa.qua.res.int.UserIOInterceptor] (executor-thread-0) Request POST /users/31/posts from IP 127.0.0.1:57023
Hibernate: 
    select
        user0_.id as id1_2_0_,
        user0_.age as age2_2_0_,
        user0_.name as name3_2_0_ 
    from
        users user0_ 
    where
        user0_.id=?
Hibernate: 
    select
        user0_.id as id1_2_0_,
        user0_.age as age2_2_0_,
        user0_.name as name3_2_0_ 
    from
        users user0_ 
    where
        user0_.id=?
Hibernate: 
    insert 
    into
        posts
        (id, dt_post, post_text, id_user) 
    values
        (default, ?, ?, ?)
2023-01-10 15:07:10,051 INFO  [io.git.wpa.qua.res.int.UserIOInterceptor] (executor-thread-0) Response from  POST /users/31/posts from IP 127.0.0.1:57023 - Status Code: 201
]]></system-out>
  </testcase>
  <testcase name="createPostNotFound" classname="io.github.wparanhosm.quarkussocial.rest.PostResourceTest" time="0.069">
    <system-out><![CDATA[Hibernate: 
    insert 
    into
        users
        (id, age, name) 
    values
        (default, ?, ?)
Hibernate: 
    insert 
    into
        users
        (id, age, name) 
    values
        (default, ?, ?)
Hibernate: 
    insert 
    into
        users
        (id, age, name) 
    values
        (default, ?, ?)
Hibernate: 
    insert 
    into
        followers
        (id, follower_id, user_id) 
    values
        (default, ?, ?)
2023-01-10 15:07:10,124 INFO  [io.git.wpa.qua.res.int.UserIOInterceptor] (executor-thread-0) Request POST /users/99999/posts from IP 127.0.0.1:57024
Hibernate: 
    select
        user0_.id as id1_2_0_,
        user0_.age as age2_2_0_,
        user0_.name as name3_2_0_ 
    from
        users user0_ 
    where
        user0_.id=?
2023-01-10 15:07:10,128 INFO  [io.git.wpa.qua.res.int.UserIOInterceptor] (executor-thread-0) Response from  POST /users/99999/posts from IP 127.0.0.1:57024 - Status Code: 404
]]></system-out>
  </testcase>
  <testcase name="listAllPostsNotFound" classname="io.github.wparanhosm.quarkussocial.rest.PostResourceTest" time="0.079">
    <system-out><![CDATA[Hibernate: 
    insert 
    into
        users
        (id, age, name) 
    values
        (default, ?, ?)
Hibernate: 
    insert 
    into
        users
        (id, age, name) 
    values
        (default, ?, ?)
Hibernate: 
    insert 
    into
        users
        (id, age, name) 
    values
        (default, ?, ?)
Hibernate: 
    insert 
    into
        followers
        (id, follower_id, user_id) 
    values
        (default, ?, ?)
2023-01-10 15:07:10,207 INFO  [io.git.wpa.qua.res.int.UserIOInterceptor] (executor-thread-0) Request GET /users/99999/posts from IP 127.0.0.1:57025
Hibernate: 
    select
        user0_.id as id1_2_0_,
        user0_.age as age2_2_0_,
        user0_.name as name3_2_0_ 
    from
        users user0_ 
    where
        user0_.id=?
2023-01-10 15:07:10,210 INFO  [io.git.wpa.qua.res.int.UserIOInterceptor] (executor-thread-0) Response from  GET /users/99999/posts from IP 127.0.0.1:57025 - Status Code: 404
]]></system-out>
  </testcase>
  <testcase name="listAllPostsFollowerHeaderNotSendTest" classname="io.github.wparanhosm.quarkussocial.rest.PostResourceTest" time="0.183">
    <system-out><![CDATA[Hibernate: 
    insert 
    into
        users
        (id, age, name) 
    values
        (default, ?, ?)
Hibernate: 
    insert 
    into
        users
        (id, age, name) 
    values
        (default, ?, ?)
Hibernate: 
    insert 
    into
        users
        (id, age, name) 
    values
        (default, ?, ?)
Hibernate: 
    insert 
    into
        followers
        (id, follower_id, user_id) 
    values
        (default, ?, ?)
2023-01-10 15:07:10,280 INFO  [io.git.wpa.qua.res.int.UserIOInterceptor] (executor-thread-0) Request GET /users/40/posts from IP 127.0.0.1:57026
Hibernate: 
    select
        user0_.id as id1_2_0_,
        user0_.age as age2_2_0_,
        user0_.name as name3_2_0_ 
    from
        users user0_ 
    where
        user0_.id=?
2023-01-10 15:07:10,287 INFO  [io.git.wpa.qua.res.int.UserIOInterceptor] (executor-thread-0) Response from  GET /users/40/posts from IP 127.0.0.1:57026 - Status Code: 400
]]></system-out>
  </testcase>
  <testcase name="listAllPostsFollowerDoesNotExist" classname="io.github.wparanhosm.quarkussocial.rest.PostResourceTest" time="0.203">
    <system-out><![CDATA[Hibernate: 
    insert 
    into
        users
        (id, age, name) 
    values
        (default, ?, ?)
Hibernate: 
    insert 
    into
        users
        (id, age, name) 
    values
        (default, ?, ?)
Hibernate: 
    insert 
    into
        users
        (id, age, name) 
    values
        (default, ?, ?)
Hibernate: 
    insert 
    into
        followers
        (id, follower_id, user_id) 
    values
        (default, ?, ?)
2023-01-10 15:07:10,591 INFO  [io.git.wpa.qua.res.int.UserIOInterceptor] (executor-thread-0) Request GET /users/43/posts from IP 127.0.0.1:57027
Hibernate: 
    select
        user0_.id as id1_2_0_,
        user0_.age as age2_2_0_,
        user0_.name as name3_2_0_ 
    from
        users user0_ 
    where
        user0_.id=?
Hibernate: 
    select
        user0_.id as id1_2_0_,
        user0_.age as age2_2_0_,
        user0_.name as name3_2_0_ 
    from
        users user0_ 
    where
        user0_.id=?
2023-01-10 15:07:10,600 INFO  [io.git.wpa.qua.res.int.UserIOInterceptor] (executor-thread-0) Response from  GET /users/43/posts from IP 127.0.0.1:57027 - Status Code: 404
]]></system-out>
  </testcase>
  <testcase name="listAllPostsNotAFollower" classname="io.github.wparanhosm.quarkussocial.rest.PostResourceTest" time="0.187">
    <system-out><![CDATA[Hibernate: 
    insert 
    into
        users
        (id, age, name) 
    values
        (default, ?, ?)
Hibernate: 
    insert 
    into
        users
        (id, age, name) 
    values
        (default, ?, ?)
Hibernate: 
    insert 
    into
        users
        (id, age, name) 
    values
        (default, ?, ?)
Hibernate: 
    insert 
    into
        followers
        (id, follower_id, user_id) 
    values
        (default, ?, ?)
2023-01-10 15:07:10,704 INFO  [io.git.wpa.qua.res.int.UserIOInterceptor] (executor-thread-0) Request GET /users/46/posts from IP 127.0.0.1:57028
Hibernate: 
    select
        user0_.id as id1_2_0_,
        user0_.age as age2_2_0_,
        user0_.name as name3_2_0_ 
    from
        users user0_ 
    where
        user0_.id=?
Hibernate: 
    select
        user0_.id as id1_2_0_,
        user0_.age as age2_2_0_,
        user0_.name as name3_2_0_ 
    from
        users user0_ 
    where
        user0_.id=?
Hibernate: 
    select
        follower0_.id as id1_0_,
        follower0_.follower_id as follower2_0_,
        follower0_.user_id as user_id3_0_ 
    from
        followers follower0_ 
    where
        follower0_.follower_id=? 
        and follower0_.user_id=? limit ?
2023-01-10 15:07:10,726 INFO  [io.git.wpa.qua.res.int.UserIOInterceptor] (executor-thread-0) Response from  GET /users/46/posts from IP 127.0.0.1:57028 - Status Code: 403
]]></system-out>
  </testcase>
  <testcase name="listAllPosts" classname="io.github.wparanhosm.quarkussocial.rest.PostResourceTest" time="0.101">
    <system-out><![CDATA[Hibernate: 
    insert 
    into
        users
        (id, age, name) 
    values
        (default, ?, ?)
Hibernate: 
    insert 
    into
        users
        (id, age, name) 
    values
        (default, ?, ?)
Hibernate: 
    insert 
    into
        users
        (id, age, name) 
    values
        (default, ?, ?)
Hibernate: 
    insert 
    into
        followers
        (id, follower_id, user_id) 
    values
        (default, ?, ?)
2023-01-10 15:07:10,882 INFO  [io.git.wpa.qua.res.int.UserIOInterceptor] (executor-thread-0) Request GET /users/49/posts from IP 127.0.0.1:57029
Hibernate: 
    select
        user0_.id as id1_2_0_,
        user0_.age as age2_2_0_,
        user0_.name as name3_2_0_ 
    from
        users user0_ 
    where
        user0_.id=?
Hibernate: 
    select
        user0_.id as id1_2_0_,
        user0_.age as age2_2_0_,
        user0_.name as name3_2_0_ 
    from
        users user0_ 
    where
        user0_.id=?
Hibernate: 
    select
        follower0_.id as id1_0_,
        follower0_.follower_id as follower2_0_,
        follower0_.user_id as user_id3_0_ 
    from
        followers follower0_ 
    where
        follower0_.follower_id=? 
        and follower0_.user_id=? limit ?
Hibernate: 
    select
        post0_.id as id1_1_,
        post0_.dt_post as dt_post2_1_,
        post0_.post_text as post_tex3_1_,
        post0_.id_user as id_user4_1_ 
    from
        posts post0_ 
    where
        post0_.id_user=? 
    order by
        dt_post DESC
2023-01-10 15:07:10,919 INFO  [io.git.wpa.qua.res.int.UserIOInterceptor] (executor-thread-0) Response from  GET /users/49/posts from IP 127.0.0.1:57029 - Status Code: 200
]]></system-out>
  </testcase>
</testsuite>